<?xml version="1.0" encoding="UTF-8"?>
<testsuite xmlns:xsi="http://www.w3.org/2001/XMLSchema-instance" xsi:noNamespaceSchemaLocation="https://maven.apache.org/surefire/maven-surefire-plugin/xsd/surefire-test-report.xsd" name="com.lagou.springboot01_demo.Springboot01DemoApplicationTests" time="15.098" tests="6" errors="0" skipped="0" failures="0">
  <properties>
[...]
</properties>
  <testcase name="studentTest" classname="com.lagou.springboot01_demo.Springboot01DemoApplicationTests" time="1.858"/>
  <testcase name="myPropertiesTest" classname="com.lagou.springboot01_demo.Springboot01DemoApplicationTests" time="0.031"/>
  <testcase name="configurationTest" classname="com.lagou.springboot01_demo.Springboot01DemoApplicationTests" time="0.185"/>
  <testcase name="contextLoad1" classname="com.lagou.springboot01_demo.Springboot01DemoApplicationTests" time="0.019"/>
  <testcase name="placeholderTest" classname="com.lagou.springboot01_demo.Springboot01DemoApplicationTests" time="0.021"/>
  <testcase name="iocTest" classname="com.lagou.springboot01_demo.Springboot01DemoApplicationTests" time="0.11"/>
</testsuite>